<?xml version="1.0" encoding="UTF-8"?>
<testsuite xmlns:xsi="http://www.w3.org/2001/XMLSchema-instance" xsi:noNamespaceSchemaLocation="https://maven.apache.org/surefire/maven-surefire-plugin/xsd/surefire-test-report-3.0.xsd" version="3.0" name="it.polimi.ingsw.galaxytrucker.Server.Model.FlightCardBoardTest" time="0.101" tests="24" errors="0" skipped="0" failures="1">
  <properties>
    <property name="java.specification.version" value="23"/>
    <property name="sun.cpu.isalist" value="amd64"/>
    <property name="sun.jnu.encoding" value="Cp1252"/>
    <property name="java.class.path" value="C:\Users\gabri\OneDrive\Desktop\Codici\codici_java\ing-sw-2025-Vignocchi-Nedina-LoConte-LaVecchia\target\test-classes;C:\Users\gabri\OneDrive\Desktop\Codici\codici_java\ing-sw-2025-Vignocchi-Nedina-LoConte-LaVecchia\target\classes;C:\Users\gabri\.m2\repository\org\openjfx\javafx-controls\23.0.2\javafx-controls-23.0.2.jar;C:\Users\gabri\.m2\repository\org\openjfx\javafx-controls\23.0.2\javafx-controls-23.0.2-win.jar;C:\Users\gabri\.m2\repository\org\openjfx\javafx-graphics\23.0.2\javafx-graphics-23.0.2.jar;C:\Users\gabri\.m2\repository\org\openjfx\javafx-graphics\23.0.2\javafx-graphics-23.0.2-win.jar;C:\Users\gabri\.m2\repository\org\openjfx\javafx-base\23.0.2\javafx-base-23.0.2.jar;C:\Users\gabri\.m2\repository\org\openjfx\javafx-base\23.0.2\javafx-base-23.0.2-win.jar;C:\Users\gabri\.m2\repository\org\openjfx\javafx-fxml\23.0.2\javafx-fxml-23.0.2.jar;C:\Users\gabri\.m2\repository\org\openjfx\javafx-fxml\23.0.2\javafx-fxml-23.0.2-win.jar;C:\Users\gabri\.m2\repository\org\controlsfx\controlsfx\11.2.1\controlsfx-11.2.1.jar;C:\Users\gabri\.m2\repository\com\fasterxml\jackson\core\jackson-databind\2.15.3\jackson-databind-2.15.3.jar;C:\Users\gabri\.m2\repository\com\fasterxml\jackson\core\jackson-annotations\2.15.3\jackson-annotations-2.15.3.jar;C:\Users\gabri\.m2\repository\com\fasterxml\jackson\core\jackson-core\2.15.3\jackson-core-2.15.3.jar;C:\Users\gabri\.m2\repository\org\jetbrains\kotlin\kotlin-stdlib-jdk8\1.9.22\kotlin-stdlib-jdk8-1.9.22.jar;C:\Users\gabri\.m2\repository\org\jetbrains\kotlin\kotlin-stdlib\1.9.22\kotlin-stdlib-1.9.22.jar;C:\Users\gabri\.m2\repository\org\jetbrains\annotations\13.0\annotations-13.0.jar;C:\Users\gabri\.m2\repository\org\jetbrains\kotlin\kotlin-stdlib-jdk7\1.9.22\kotlin-stdlib-jdk7-1.9.22.jar;C:\Users\gabri\.m2\repository\org\jetbrains\kotlin\kotlin-test\1.9.22\kotlin-test-1.9.22.jar;C:\Users\gabri\.m2\repository\org\junit\jupiter\junit-jupiter-api\5.10.2\junit-jupiter-api-5.10.2.jar;C:\Users\gabri\.m2\repository\org\opentest4j\opentest4j\1.3.0\opentest4j-1.3.0.jar;C:\Users\gabri\.m2\repository\org\junit\platform\junit-platform-commons\1.10.2\junit-platform-commons-1.10.2.jar;C:\Users\gabri\.m2\repository\org\apiguardian\apiguardian-api\1.1.2\apiguardian-api-1.1.2.jar;C:\Users\gabri\.m2\repository\org\junit\jupiter\junit-jupiter-engine\5.10.2\junit-jupiter-engine-5.10.2.jar;C:\Users\gabri\.m2\repository\org\junit\platform\junit-platform-engine\1.10.2\junit-platform-engine-1.10.2.jar;C:\Users\gabri\.m2\repository\org\mockito\mockito-inline\5.2.0\mockito-inline-5.2.0.jar;C:\Users\gabri\.m2\repository\org\mockito\mockito-core\5.2.0\mockito-core-5.2.0.jar;C:\Users\gabri\.m2\repository\net\bytebuddy\byte-buddy\1.14.1\byte-buddy-1.14.1.jar;C:\Users\gabri\.m2\repository\net\bytebuddy\byte-buddy-agent\1.14.1\byte-buddy-agent-1.14.1.jar;C:\Users\gabri\.m2\repository\org\objenesis\objenesis\3.3\objenesis-3.3.jar;C:\Users\gabri\.m2\repository\org\mockito\mockito-junit-jupiter\5.2.0\mockito-junit-jupiter-5.2.0.jar;"/>
    <property name="java.vm.vendor" value="Oracle Corporation"/>
    <property name="sun.arch.data.model" value="64"/>
    <property name="user.variant" value=""/>
    <property name="java.vendor.url" value="https://java.oracle.com/"/>
    <property name="user.timezone" value="Europe/Rome"/>
    <property name="os.name" value="Windows 11"/>
    <property name="java.vm.specification.version" value="23"/>
    <property name="sun.java.launcher" value="SUN_STANDARD"/>
    <property name="user.country" value="IT"/>
    <property name="sun.boot.library.path" value="C:\Users\gabri\.jdks\openjdk-23.0.2\bin"/>
    <property name="sun.java.command" value="C:\Users\gabri\AppData\Local\Temp\surefire721618988770554991\surefirebooter-20250419175341971_3.jar C:\Users\gabri\AppData\Local\Temp\surefire721618988770554991 2025-04-19T17-53-36_597-jvmRun1 surefire-20250419175341971_1tmp surefire_0-20250419175341971_2tmp"/>
    <property name="jdk.debug" value="release"/>
    <property name="surefire.test.class.path" value="C:\Users\gabri\OneDrive\Desktop\Codici\codici_java\ing-sw-2025-Vignocchi-Nedina-LoConte-LaVecchia\target\test-classes;C:\Users\gabri\OneDrive\Desktop\Codici\codici_java\ing-sw-2025-Vignocchi-Nedina-LoConte-LaVecchia\target\classes;C:\Users\gabri\.m2\repository\org\openjfx\javafx-controls\23.0.2\javafx-controls-23.0.2.jar;C:\Users\gabri\.m2\repository\org\openjfx\javafx-controls\23.0.2\javafx-controls-23.0.2-win.jar;C:\Users\gabri\.m2\repository\org\openjfx\javafx-graphics\23.0.2\javafx-graphics-23.0.2.jar;C:\Users\gabri\.m2\repository\org\openjfx\javafx-graphics\23.0.2\javafx-graphics-23.0.2-win.jar;C:\Users\gabri\.m2\repository\org\openjfx\javafx-base\23.0.2\javafx-base-23.0.2.jar;C:\Users\gabri\.m2\repository\org\openjfx\javafx-base\23.0.2\javafx-base-23.0.2-win.jar;C:\Users\gabri\.m2\repository\org\openjfx\javafx-fxml\23.0.2\javafx-fxml-23.0.2.jar;C:\Users\gabri\.m2\repository\org\openjfx\javafx-fxml\23.0.2\javafx-fxml-23.0.2-win.jar;C:\Users\gabri\.m2\repository\org\controlsfx\controlsfx\11.2.1\controlsfx-11.2.1.jar;C:\Users\gabri\.m2\repository\com\fasterxml\jackson\core\jackson-databind\2.15.3\jackson-databind-2.15.3.jar;C:\Users\gabri\.m2\repository\com\fasterxml\jackson\core\jackson-annotations\2.15.3\jackson-annotations-2.15.3.jar;C:\Users\gabri\.m2\repository\com\fasterxml\jackson\core\jackson-core\2.15.3\jackson-core-2.15.3.jar;C:\Users\gabri\.m2\repository\org\jetbrains\kotlin\kotlin-stdlib-jdk8\1.9.22\kotlin-stdlib-jdk8-1.9.22.jar;C:\Users\gabri\.m2\repository\org\jetbrains\kotlin\kotlin-stdlib\1.9.22\kotlin-stdlib-1.9.22.jar;C:\Users\gabri\.m2\repository\org\jetbrains\annotations\13.0\annotations-13.0.jar;C:\Users\gabri\.m2\repository\org\jetbrains\kotlin\kotlin-stdlib-jdk7\1.9.22\kotlin-stdlib-jdk7-1.9.22.jar;C:\Users\gabri\.m2\repository\org\jetbrains\kotlin\kotlin-test\1.9.22\kotlin-test-1.9.22.jar;C:\Users\gabri\.m2\repository\org\junit\jupiter\junit-jupiter-api\5.10.2\junit-jupiter-api-5.10.2.jar;C:\Users\gabri\.m2\repository\org\opentest4j\opentest4j\1.3.0\opentest4j-1.3.0.jar;C:\Users\gabri\.m2\repository\org\junit\platform\junit-platform-commons\1.10.2\junit-platform-commons-1.10.2.jar;C:\Users\gabri\.m2\repository\org\apiguardian\apiguardian-api\1.1.2\apiguardian-api-1.1.2.jar;C:\Users\gabri\.m2\repository\org\junit\jupiter\junit-jupiter-engine\5.10.2\junit-jupiter-engine-5.10.2.jar;C:\Users\gabri\.m2\repository\org\junit\platform\junit-platform-engine\1.10.2\junit-platform-engine-1.10.2.jar;C:\Users\gabri\.m2\repository\org\mockito\mockito-inline\5.2.0\mockito-inline-5.2.0.jar;C:\Users\gabri\.m2\repository\org\mockito\mockito-core\5.2.0\mockito-core-5.2.0.jar;C:\Users\gabri\.m2\repository\net\bytebuddy\byte-buddy\1.14.1\byte-buddy-1.14.1.jar;C:\Users\gabri\.m2\repository\net\bytebuddy\byte-buddy-agent\1.14.1\byte-buddy-agent-1.14.1.jar;C:\Users\gabri\.m2\repository\org\objenesis\objenesis\3.3\objenesis-3.3.jar;C:\Users\gabri\.m2\repository\org\mockito\mockito-junit-jupiter\5.2.0\mockito-junit-jupiter-5.2.0.jar;"/>
    <property name="sun.cpu.endian" value="little"/>
    <property name="user.home" value="C:\Users\gabri"/>
    <property name="user.language" value="it"/>
    <property name="java.specification.vendor" value="Oracle Corporation"/>
    <property name="java.version.date" value="2025-01-21"/>
    <property name="java.home" value="C:\Users\gabri\.jdks\openjdk-23.0.2"/>
    <property name="file.separator" value="\"/>
    <property name="basedir" value="C:\Users\gabri\OneDrive\Desktop\Codici\codici_java\ing-sw-2025-Vignocchi-Nedina-LoConte-LaVecchia"/>
    <property name="java.vm.compressedOopsMode" value="Zero based"/>
    <property name="line.separator" value="&#10;"/>
    <property name="java.vm.specification.vendor" value="Oracle Corporation"/>
    <property name="java.specification.name" value="Java Platform API Specification"/>
    <property name="surefire.real.class.path" value="C:\Users\gabri\AppData\Local\Temp\surefire721618988770554991\surefirebooter-20250419175341971_3.jar"/>
    <property name="user.script" value=""/>
    <property name="sun.management.compiler" value="HotSpot 64-Bit Tiered Compilers"/>
    <property name="java.runtime.version" value="23.0.2+7-58"/>
    <property name="user.name" value="gabri"/>
    <property name="stdout.encoding" value="Cp1252"/>
    <property name="path.separator" value=";"/>
    <property name="os.version" value="10.0"/>
    <property name="java.runtime.name" value="OpenJDK Runtime Environment"/>
    <property name="file.encoding" value="UTF-8"/>
    <property name="java.vm.name" value="OpenJDK 64-Bit Server VM"/>
    <property name="localRepository" value="C:\Users\gabri\.m2\repository"/>
    <property name="java.vendor.url.bug" value="https://bugreport.java.com/bugreport/"/>
    <property name="java.io.tmpdir" value="C:\Users\gabri\AppData\Local\Temp\"/>
    <property name="idea.version" value="2024.2.4"/>
    <property name="java.version" value="23.0.2"/>
    <property name="user.dir" value="C:\Users\gabri\OneDrive\Desktop\Codici\codici_java\ing-sw-2025-Vignocchi-Nedina-LoConte-LaVecchia"/>
    <property name="os.arch" value="amd64"/>
    <property name="java.vm.specification.name" value="Java Virtual Machine Specification"/>
    <property name="sun.os.patch.level" value=""/>
    <property name="native.encoding" value="Cp1252"/>
    <property name="java.library.path" value="C:\Users\gabri\.jdks\openjdk-23.0.2\bin;C:\WINDOWS\Sun\Java\bin;C:\WINDOWS\system32;C:\WINDOWS;C:\Program Files\Common Files\Oracle\Java\javapath;C:\Program Files (x86)\Common Files\Oracle\Java\javapath;C:\Program Files\Microsoft\jdk-11.0.16.101-hotspot\bin;C:\WINDOWS\system32;C:\WINDOWS;C:\WINDOWS\System32\Wbem;C:\WINDOWS\System32\WindowsPowerShell\v1.0\;C:\WINDOWS\System32\OpenSSH\;C:\msys64\ucrt64\bin;C:\Program Files\Git\cmd;C:\Program Files\Git\mingw64\bin;C:\Program Files\Git\usr\bin;C:\Users\gabri\AppData\Local\Microsoft\WindowsApps;C:\Users\gabri\AppData\Local\Programs\Microsoft VS Code\bin;C:\Users\gabri\anaconda3\Scripts;C:\Users\gabri\AppData\Local\JetBrains\Toolbox\scripts;;%USERPROFILE%\AppData\Local\Microsoft\WindowsApps;."/>
    <property name="java.vm.info" value="mixed mode, sharing"/>
    <property name="stderr.encoding" value="Cp1252"/>
    <property name="java.vendor" value="Oracle Corporation"/>
    <property name="java.vm.version" value="23.0.2+7-58"/>
    <property name="sun.io.unicode.encoding" value="UnicodeLittle"/>
    <property name="java.class.version" value="67.0"/>
  </properties>
  <testcase name="testAddPlayerClassic" classname="it.polimi.ingsw.galaxytrucker.Server.Model.FlightCardBoardTest" time="0.017"/>
  <testcase name="testOrderPlayersInFlightList" classname="it.polimi.ingsw.galaxytrucker.Server.Model.FlightCardBoardTest" time="0.012">
    <failure message="expected: &lt;it.polimi.ingsw.galaxytrucker.Server.Model.Player@7ff2b8d2&gt; but was: &lt;it.polimi.ingsw.galaxytrucker.Server.Model.Player@6dc1484&gt;" type="org.opentest4j.AssertionFailedError"><![CDATA[org.opentest4j.AssertionFailedError: expected: <it.polimi.ingsw.galaxytrucker.Server.Model.Player@7ff2b8d2> but was: <it.polimi.ingsw.galaxytrucker.Server.Model.Player@6dc1484>
	at org.junit.jupiter.api.AssertionFailureBuilder.build(AssertionFailureBuilder.java:151)
	at org.junit.jupiter.api.AssertionFailureBuilder.buildAndThrow(AssertionFailureBuilder.java:132)
	at org.junit.jupiter.api.AssertEquals.failNotEqual(AssertEquals.java:197)
	at org.junit.jupiter.api.AssertEquals.assertEquals(AssertEquals.java:182)
	at org.junit.jupiter.api.AssertEquals.assertEquals(AssertEquals.java:177)
	at org.junit.jupiter.api.Assertions.assertEquals(Assertions.java:1145)
	at it.polimi.ingsw.galaxytrucker.Server.Model.FlightCardBoardTest.testOrderPlayersInFlightList(FlightCardBoardTest.java:106)
	at java.base/java.lang.reflect.Method.invoke(Method.java:580)
	at java.base/java.util.ArrayList.forEach(ArrayList.java:1597)
	at java.base/java.util.ArrayList.forEach(ArrayList.java:1597)
]]></failure>
  </testcase>
  <testcase name="testEliminateOverlappedPlayers" classname="it.polimi.ingsw.galaxytrucker.Server.Model.FlightCardBoardTest" time="0.003"/>
  <testcase name="testMoveRocketNotInFlight" classname="it.polimi.ingsw.galaxytrucker.Server.Model.FlightCardBoardTest" time="0.003"/>
  <testcase name="testAddPlayerNull" classname="it.polimi.ingsw.galaxytrucker.Server.Model.FlightCardBoardTest" time="0.003"/>
  <testcase name="testEliminateOverlappedPlayers2" classname="it.polimi.ingsw.galaxytrucker.Server.Model.FlightCardBoardTest" time="0.002"/>
  <testcase name="testOrderPlayersException" classname="it.polimi.ingsw.galaxytrucker.Server.Model.FlightCardBoardTest" time="0.003"/>
  <testcase name="testMoveRocket10" classname="it.polimi.ingsw.galaxytrucker.Server.Model.FlightCardBoardTest" time="0.003"/>
  <testcase name="testAddPlayerTooMany" classname="it.polimi.ingsw.galaxytrucker.Server.Model.FlightCardBoardTest" time="0.003"/>
  <testcase name="testCheckOverLap1" classname="it.polimi.ingsw.galaxytrucker.Server.Model.FlightCardBoardTest" time="0.002"/>
  <testcase name="testCheckOverLap2" classname="it.polimi.ingsw.galaxytrucker.Server.Model.FlightCardBoardTest" time="0.001"/>
  <testcase name="testCheckOverLap3" classname="it.polimi.ingsw.galaxytrucker.Server.Model.FlightCardBoardTest" time="0.001"/>
  <testcase name="testAddPlayer" classname="it.polimi.ingsw.galaxytrucker.Server.Model.FlightCardBoardTest" time="0.001"/>
  <testcase name="testMoveRocketEmpty" classname="it.polimi.ingsw.galaxytrucker.Server.Model.FlightCardBoardTest" time="0.001"/>
  <testcase name="testMoveRocket1" classname="it.polimi.ingsw.galaxytrucker.Server.Model.FlightCardBoardTest" time="0.001"/>
  <testcase name="testMoveRocket2" classname="it.polimi.ingsw.galaxytrucker.Server.Model.FlightCardBoardTest" time="0.001"/>
  <testcase name="testMoveRocket3" classname="it.polimi.ingsw.galaxytrucker.Server.Model.FlightCardBoardTest" time="0.001"/>
  <testcase name="testMoveRocket4" classname="it.polimi.ingsw.galaxytrucker.Server.Model.FlightCardBoardTest" time="0.001"/>
  <testcase name="testMoveRocket5" classname="it.polimi.ingsw.galaxytrucker.Server.Model.FlightCardBoardTest" time="0.001"/>
  <testcase name="testMoveRocket6" classname="it.polimi.ingsw.galaxytrucker.Server.Model.FlightCardBoardTest" time="0.001"/>
  <testcase name="testMoveRocket7" classname="it.polimi.ingsw.galaxytrucker.Server.Model.FlightCardBoardTest" time="0.002"/>
  <testcase name="testMoveRocket8" classname="it.polimi.ingsw.galaxytrucker.Server.Model.FlightCardBoardTest" time="0.003"/>
  <testcase name="testMoveRocket9" classname="it.polimi.ingsw.galaxytrucker.Server.Model.FlightCardBoardTest" time="0.002"/>
  <testcase name="testAddPlayerDuplicate" classname="it.polimi.ingsw.galaxytrucker.Server.Model.FlightCardBoardTest" time="0.002"/>
</testsuite>